{"C:\\Users\\samto\\Desktop\\todoList\\backend\\models\\credential-services.js": {"path":"C:\\Users\\samto\\Desktop\\todoList\\backend\\models\\credential-services.js","statementMap":{"0":{"start":{"line":1,"column":24},"end":{"line":1,"column":47}},"1":{"start":{"line":5,"column":2},"end":{"line":5,"column":38}},"2":{"start":{"line":15,"column":2},"end":{"line":22,"column":3}},"3":{"start":{"line":16,"column":28},"end":{"line":16,"column":59}},"4":{"start":{"line":17,"column":28},"end":{"line":17,"column":56}},"5":{"start":{"line":18,"column":4},"end":{"line":18,"column":27}},"6":{"start":{"line":20,"column":4},"end":{"line":20,"column":23}},"7":{"start":{"line":21,"column":4},"end":{"line":21,"column":17}},"8":{"start":{"line":26,"column":2},"end":{"line":31,"column":3}},"9":{"start":{"line":27,"column":4},"end":{"line":27,"column":55}},"10":{"start":{"line":29,"column":4},"end":{"line":29,"column":23}},"11":{"start":{"line":30,"column":4},"end":{"line":30,"column":21}},"12":{"start":{"line":34,"column":0},"end":{"line":34,"column":40}},"13":{"start":{"line":35,"column":0},"end":{"line":35,"column":38}},"14":{"start":{"line":36,"column":0},"end":{"line":36,"column":52}}},"fnMap":{"0":{"name":"getCredentials","decl":{"start":{"line":4,"column":15},"end":{"line":4,"column":29}},"loc":{"start":{"line":4,"column":32},"end":{"line":6,"column":1}},"line":4},"1":{"name":"addCredential","decl":{"start":{"line":14,"column":15},"end":{"line":14,"column":28}},"loc":{"start":{"line":14,"column":41},"end":{"line":23,"column":1}},"line":14},"2":{"name":"deleteCredentialById","decl":{"start":{"line":25,"column":15},"end":{"line":25,"column":35}},"loc":{"start":{"line":25,"column":40},"end":{"line":32,"column":1}},"line":25}},"branchMap":{},"s":{"0":1,"1":2,"2":3,"3":3,"4":3,"5":2,"6":1,"7":1,"8":2,"9":2,"10":1,"11":1,"12":1,"13":1,"14":1},"f":{"0":2,"1":3,"2":2},"b":{},"_coverageSchema":"1a1c01bbd47fc00a2c39e90264f33305004495a9","hash":"3a6785616338d992f494e661a7753839023fde71"}
,"C:\\Users\\samto\\Desktop\\todoList\\backend\\models\\credential.js": {"path":"C:\\Users\\samto\\Desktop\\todoList\\backend\\models\\credential.js","statementMap":{"0":{"start":{"line":1,"column":17},"end":{"line":1,"column":36}},"1":{"start":{"line":3,"column":25},"end":{"line":17,"column":1}},"2":{"start":{"line":19,"column":0},"end":{"line":21,"column":3}},"3":{"start":{"line":20,"column":2},"end":{"line":20,"column":9}},"4":{"start":{"line":23,"column":19},"end":{"line":23,"column":65}},"5":{"start":{"line":25,"column":0},"end":{"line":25,"column":28}}},"fnMap":{"0":{"name":"(anonymous_0)","decl":{"start":{"line":19,"column":29},"end":{"line":19,"column":30}},"loc":{"start":{"line":19,"column":45},"end":{"line":21,"column":1}},"line":19}},"branchMap":{},"s":{"0":1,"1":1,"2":1,"3":2,"4":1,"5":1},"f":{"0":2},"b":{},"_coverageSchema":"1a1c01bbd47fc00a2c39e90264f33305004495a9","hash":"3caedb1a0e731c27d6b486844be064024c81f59b"}
,"C:\\Users\\samto\\Desktop\\todoList\\backend\\models\\task-services.js": {"path":"C:\\Users\\samto\\Desktop\\todoList\\backend\\models\\task-services.js","statementMap":{"0":{"start":{"line":1,"column":18},"end":{"line":1,"column":35}},"1":{"start":{"line":5,"column":2},"end":{"line":5,"column":55}},"2":{"start":{"line":9,"column":2},"end":{"line":16,"column":3}},"3":{"start":{"line":10,"column":22},"end":{"line":10,"column":41}},"4":{"start":{"line":11,"column":22},"end":{"line":11,"column":44}},"5":{"start":{"line":12,"column":4},"end":{"line":12,"column":21}},"6":{"start":{"line":14,"column":4},"end":{"line":14,"column":23}},"7":{"start":{"line":15,"column":4},"end":{"line":15,"column":17}},"8":{"start":{"line":20,"column":2},"end":{"line":25,"column":3}},"9":{"start":{"line":21,"column":4},"end":{"line":21,"column":49}},"10":{"start":{"line":23,"column":4},"end":{"line":23,"column":23}},"11":{"start":{"line":24,"column":4},"end":{"line":24,"column":21}},"12":{"start":{"line":49,"column":0},"end":{"line":49,"column":28}},"13":{"start":{"line":50,"column":0},"end":{"line":50,"column":26}},"14":{"start":{"line":51,"column":0},"end":{"line":51,"column":40}}},"fnMap":{"0":{"name":"getTasks","decl":{"start":{"line":4,"column":15},"end":{"line":4,"column":23}},"loc":{"start":{"line":4,"column":26},"end":{"line":6,"column":1}},"line":4},"1":{"name":"addTask","decl":{"start":{"line":8,"column":15},"end":{"line":8,"column":22}},"loc":{"start":{"line":8,"column":29},"end":{"line":17,"column":1}},"line":8},"2":{"name":"deleteTaskById","decl":{"start":{"line":19,"column":15},"end":{"line":19,"column":29}},"loc":{"start":{"line":19,"column":34},"end":{"line":26,"column":1}},"line":19}},"branchMap":{},"s":{"0":1,"1":3,"2":4,"3":4,"4":4,"5":3,"6":1,"7":1,"8":2,"9":2,"10":1,"11":1,"12":1,"13":1,"14":1},"f":{"0":3,"1":4,"2":2},"b":{},"_coverageSchema":"1a1c01bbd47fc00a2c39e90264f33305004495a9","hash":"4f3005eb2c48e3c25779b8f4119732cc946978d2"}
,"C:\\Users\\samto\\Desktop\\todoList\\backend\\models\\task.js": {"path":"C:\\Users\\samto\\Desktop\\todoList\\backend\\models\\task.js","statementMap":{"0":{"start":{"line":1,"column":17},"end":{"line":1,"column":36}},"1":{"start":{"line":3,"column":19},"end":{"line":42,"column":1}},"2":{"start":{"line":44,"column":0},"end":{"line":50,"column":3}},"3":{"start":{"line":45,"column":27},"end":{"line":45,"column":37}},"4":{"start":{"line":46,"column":23},"end":{"line":46,"column":42}},"5":{"start":{"line":47,"column":24},"end":{"line":47,"column":65}},"6":{"start":{"line":48,"column":24},"end":{"line":48,"column":72}},"7":{"start":{"line":49,"column":2},"end":{"line":49,"column":23}},"8":{"start":{"line":52,"column":0},"end":{"line":55,"column":3}},"9":{"start":{"line":53,"column":2},"end":{"line":53,"column":43}},"10":{"start":{"line":54,"column":2},"end":{"line":54,"column":9}},"11":{"start":{"line":60,"column":0},"end":{"line":66,"column":2}},"12":{"start":{"line":61,"column":27},"end":{"line":61,"column":37}},"13":{"start":{"line":62,"column":23},"end":{"line":62,"column":42}},"14":{"start":{"line":63,"column":24},"end":{"line":63,"column":65}},"15":{"start":{"line":64,"column":24},"end":{"line":64,"column":72}},"16":{"start":{"line":65,"column":2},"end":{"line":65,"column":62}},"17":{"start":{"line":68,"column":0},"end":{"line":70,"column":2}},"18":{"start":{"line":69,"column":2},"end":{"line":69,"column":61}},"19":{"start":{"line":72,"column":13},"end":{"line":72,"column":47}},"20":{"start":{"line":74,"column":0},"end":{"line":74,"column":22}}},"fnMap":{"0":{"name":"(anonymous_0)","decl":{"start":{"line":44,"column":41},"end":{"line":44,"column":42}},"loc":{"start":{"line":44,"column":53},"end":{"line":50,"column":1}},"line":44},"1":{"name":"(anonymous_1)","decl":{"start":{"line":52,"column":23},"end":{"line":52,"column":24}},"loc":{"start":{"line":52,"column":39},"end":{"line":55,"column":1}},"line":52},"2":{"name":"(anonymous_2)","decl":{"start":{"line":60,"column":39},"end":{"line":60,"column":40}},"loc":{"start":{"line":60,"column":51},"end":{"line":66,"column":1}},"line":60},"3":{"name":"(anonymous_3)","decl":{"start":{"line":68,"column":34},"end":{"line":68,"column":35}},"loc":{"start":{"line":68,"column":54},"end":{"line":70,"column":1}},"line":68}},"branchMap":{},"s":{"0":1,"1":1,"2":1,"3":1,"4":1,"5":1,"6":1,"7":1,"8":1,"9":3,"10":3,"11":1,"12":3,"13":3,"14":3,"15":3,"16":3,"17":1,"18":1,"19":1,"20":1},"f":{"0":1,"1":3,"2":3,"3":1},"b":{},"_coverageSchema":"1a1c01bbd47fc00a2c39e90264f33305004495a9","hash":"8f94c423bf3f0490abcf5857f8b288f20dfd20f1"}
,"C:\\Users\\samto\\Desktop\\todoList\\backend\\tests\\db.js": {"path":"C:\\Users\\samto\\Desktop\\todoList\\backend\\tests\\db.js","statementMap":{"0":{"start":{"line":1,"column":17},"end":{"line":1,"column":36}},"1":{"start":{"line":2,"column":30},"end":{"line":2,"column":62}},"2":{"start":{"line":4,"column":15},"end":{"line":4,"column":38}},"3":{"start":{"line":7,"column":2},"end":{"line":7,"column":23}},"4":{"start":{"line":9,"column":14},"end":{"line":9,"column":35}},"5":{"start":{"line":11,"column":23},"end":{"line":14,"column":3}},"6":{"start":{"line":16,"column":2},"end":{"line":16,"column":44}},"7":{"start":{"line":20,"column":2},"end":{"line":20,"column":43}},"8":{"start":{"line":21,"column":2},"end":{"line":21,"column":36}},"9":{"start":{"line":22,"column":2},"end":{"line":22,"column":22}},"10":{"start":{"line":26,"column":22},"end":{"line":26,"column":53}},"11":{"start":{"line":28,"column":2},"end":{"line":31,"column":3}},"12":{"start":{"line":29,"column":23},"end":{"line":29,"column":39}},"13":{"start":{"line":30,"column":4},"end":{"line":30,"column":34}},"14":{"start":{"line":34,"column":0},"end":{"line":34,"column":50}},"15":{"start":{"line":35,"column":0},"end":{"line":35,"column":46}},"16":{"start":{"line":36,"column":0},"end":{"line":36,"column":46}}},"fnMap":{"0":{"name":"connectTempDataBase","decl":{"start":{"line":6,"column":15},"end":{"line":6,"column":34}},"loc":{"start":{"line":6,"column":37},"end":{"line":17,"column":1}},"line":6},"1":{"name":"closeTempDatabase","decl":{"start":{"line":19,"column":15},"end":{"line":19,"column":32}},"loc":{"start":{"line":19,"column":35},"end":{"line":23,"column":1}},"line":19},"2":{"name":"clearTempDatabase","decl":{"start":{"line":25,"column":15},"end":{"line":25,"column":32}},"loc":{"start":{"line":25,"column":35},"end":{"line":32,"column":1}},"line":25}},"branchMap":{},"s":{"0":2,"1":2,"2":2,"3":2,"4":2,"5":2,"6":2,"7":2,"8":2,"9":2,"10":10,"11":10,"12":10,"13":10,"14":2,"15":2,"16":2},"f":{"0":2,"1":2,"2":10},"b":{},"_coverageSchema":"1a1c01bbd47fc00a2c39e90264f33305004495a9","hash":"b76d78abf8635b66db5cecc008026000697bfdd2"}
}
