TN:
SF:models\credential-services.js
FN:4,getCredentials
FN:14,addCredential
FN:25,deleteCredentialById
FNF:3
FNH:3
FNDA:2,getCredentials
FNDA:3,addCredential
FNDA:2,deleteCredentialById
DA:1,1
DA:5,2
DA:15,3
DA:16,3
DA:17,3
DA:18,2
DA:20,1
DA:21,1
DA:26,2
DA:27,2
DA:29,1
DA:30,1
DA:34,1
DA:35,1
DA:36,1
LF:15
LH:15
BRF:0
BRH:0
end_of_record
TN:
SF:models\credential.js
FN:19,(anonymous_0)
FNF:1
FNH:1
FNDA:2,(anonymous_0)
DA:1,1
DA:3,1
DA:19,1
DA:20,2
DA:23,1
DA:25,1
LF:6
LH:6
BRF:0
BRH:0
end_of_record
TN:
SF:models\task-services.js
FN:4,getTasks
FN:8,addTask
FN:19,deleteTaskById
FNF:3
FNH:3
FNDA:3,getTasks
FNDA:4,addTask
FNDA:2,deleteTaskById
DA:1,1
DA:5,3
DA:9,4
DA:10,4
DA:11,4
DA:12,3
DA:14,1
DA:15,1
DA:20,2
DA:21,2
DA:23,1
DA:24,1
DA:49,1
DA:50,1
DA:51,1
LF:15
LH:15
BRF:0
BRH:0
end_of_record
TN:
SF:models\task.js
FN:44,(anonymous_0)
FN:52,(anonymous_1)
FN:60,(anonymous_2)
FN:68,(anonymous_3)
FNF:4
FNH:4
FNDA:1,(anonymous_0)
FNDA:3,(anonymous_1)
FNDA:3,(anonymous_2)
FNDA:1,(anonymous_3)
DA:1,1
DA:3,1
DA:44,1
DA:45,1
DA:46,1
DA:47,1
DA:48,1
DA:49,1
DA:52,1
DA:53,3
DA:54,3
DA:60,1
DA:61,3
DA:62,3
DA:63,3
DA:64,3
DA:65,3
DA:68,1
DA:69,1
DA:72,1
DA:74,1
LF:21
LH:21
BRF:0
BRH:0
end_of_record
TN:
SF:tests\db.js
FN:6,connectTempDataBase
FN:19,closeTempDatabase
FN:25,clearTempDatabase
FNF:3
FNH:3
FNDA:2,connectTempDataBase
FNDA:2,closeTempDatabase
FNDA:10,clearTempDatabase
DA:1,2
DA:2,2
DA:4,2
DA:7,2
DA:9,2
DA:11,2
DA:16,2
DA:20,2
DA:21,2
DA:22,2
DA:26,10
DA:28,10
DA:29,10
DA:30,10
DA:34,2
DA:35,2
DA:36,2
LF:17
LH:17
BRF:0
BRH:0
end_of_record
